{"/home/clement/dev/github/vscode-org-mode/out/src/timestamp-functions.js":{"path":"/home/clement/dev/github/vscode-org-mode/out/src/timestamp-functions.js","s":{"1":1,"2":1,"3":1,"4":1,"5":1,"6":1,"7":1,"8":1,"9":1,"10":1,"11":1,"12":1,"13":0,"14":0,"15":0,"16":0,"17":0,"18":0,"19":1,"20":1,"21":0,"22":0,"23":0,"24":0,"25":0,"26":0,"27":0,"28":0,"29":0,"30":0,"31":0,"32":0,"33":1,"34":1,"35":0,"36":0,"37":0,"38":0,"39":0,"40":0,"41":0,"42":0,"43":0,"44":0,"45":0,"46":0,"47":0,"48":0,"49":0,"50":0,"51":1,"52":1,"53":0,"54":0,"55":0},"b":{"1":[0,0],"2":[0,0],"3":[0,0],"4":[0,0]},"f":{"1":1,"2":0,"3":0,"4":0,"5":0},"fnMap":{"1":{"name":"insertTimestamp","line":6,"loc":{"start":{"line":6,"column":0},"end":{"line":6,"column":43}}},"2":{"name":"clockIn","line":14,"loc":{"start":{"line":14,"column":0},"end":{"line":14,"column":35}}},"3":{"name":"clockOut","line":24,"loc":{"start":{"line":24,"column":0},"end":{"line":24,"column":36}}},"4":{"name":"updateClock","line":40,"loc":{"start":{"line":40,"column":0},"end":{"line":40,"column":39}}},"5":{"name":"insertDateTime","line":61,"loc":{"start":{"line":61,"column":0},"end":{"line":61,"column":41}}}},"statementMap":{"1":{"start":{"line":2,"column":0},"end":{"line":2,"column":62}},"2":{"start":{"line":3,"column":0},"end":{"line":3,"column":33}},"3":{"start":{"line":4,"column":0},"end":{"line":4,"column":33}},"4":{"start":{"line":5,"column":0},"end":{"line":5,"column":46}},"5":{"start":{"line":6,"column":0},"end":{"line":12,"column":1}},"6":{"start":{"line":7,"column":4},"end":{"line":7,"column":53}},"7":{"start":{"line":8,"column":4},"end":{"line":8,"column":48}},"8":{"start":{"line":9,"column":4},"end":{"line":9,"column":46}},"9":{"start":{"line":10,"column":4},"end":{"line":10,"column":60}},"10":{"start":{"line":11,"column":4},"end":{"line":11,"column":39}},"11":{"start":{"line":13,"column":0},"end":{"line":13,"column":42}},"12":{"start":{"line":14,"column":0},"end":{"line":22,"column":1}},"13":{"start":{"line":15,"column":4},"end":{"line":15,"column":53}},"14":{"start":{"line":16,"column":4},"end":{"line":16,"column":48}},"15":{"start":{"line":17,"column":4},"end":{"line":17,"column":52}},"16":{"start":{"line":18,"column":4},"end":{"line":20,"column":5}},"17":{"start":{"line":19,"column":8},"end":{"line":19,"column":42}},"18":{"start":{"line":21,"column":4},"end":{"line":21,"column":36}},"19":{"start":{"line":23,"column":0},"end":{"line":23,"column":26}},"20":{"start":{"line":24,"column":0},"end":{"line":38,"column":1}},"21":{"start":{"line":25,"column":4},"end":{"line":25,"column":53}},"22":{"start":{"line":26,"column":4},"end":{"line":26,"column":48}},"23":{"start":{"line":27,"column":4},"end":{"line":27,"column":52}},"24":{"start":{"line":28,"column":4},"end":{"line":28,"column":53}},"25":{"start":{"line":29,"column":4},"end":{"line":29,"column":51}},"26":{"start":{"line":30,"column":4},"end":{"line":35,"column":5}},"27":{"start":{"line":31,"column":8},"end":{"line":31,"column":76}},"28":{"start":{"line":32,"column":8},"end":{"line":32,"column":72}},"29":{"start":{"line":33,"column":8},"end":{"line":33,"column":56}},"30":{"start":{"line":34,"column":8},"end":{"line":34,"column":32}},"31":{"start":{"line":36,"column":4},"end":{"line":36,"column":38}},"32":{"start":{"line":37,"column":4},"end":{"line":37,"column":36}},"33":{"start":{"line":39,"column":0},"end":{"line":39,"column":28}},"34":{"start":{"line":40,"column":0},"end":{"line":59,"column":1}},"35":{"start":{"line":41,"column":4},"end":{"line":41,"column":53}},"36":{"start":{"line":42,"column":4},"end":{"line":42,"column":48}},"37":{"start":{"line":43,"column":4},"end":{"line":43,"column":52}},"38":{"start":{"line":44,"column":4},"end":{"line":44,"column":52}},"39":{"start":{"line":45,"column":4},"end":{"line":48,"column":5}},"40":{"start":{"line":46,"column":8},"end":{"line":46,"column":93}},"41":{"start":{"line":47,"column":8},"end":{"line":47,"column":15}},"42":{"start":{"line":49,"column":4},"end":{"line":49,"column":53}},"43":{"start":{"line":50,"column":4},"end":{"line":50,"column":51}},"44":{"start":{"line":51,"column":4},"end":{"line":56,"column":5}},"45":{"start":{"line":52,"column":8},"end":{"line":52,"column":76}},"46":{"start":{"line":53,"column":8},"end":{"line":53,"column":72}},"47":{"start":{"line":54,"column":8},"end":{"line":54,"column":56}},"48":{"start":{"line":55,"column":8},"end":{"line":55,"column":32}},"49":{"start":{"line":57,"column":4},"end":{"line":57,"column":38}},"50":{"start":{"line":58,"column":4},"end":{"line":58,"column":39}},"51":{"start":{"line":60,"column":0},"end":{"line":60,"column":34}},"52":{"start":{"line":61,"column":0},"end":{"line":65,"column":1}},"53":{"start":{"line":62,"column":4},"end":{"line":62,"column":54}},"54":{"start":{"line":63,"column":4},"end":{"line":63,"column":72}},"55":{"start":{"line":64,"column":4},"end":{"line":64,"column":43}}},"branchMap":{"1":{"line":18,"type":"if","locations":[{"start":{"line":18,"column":4},"end":{"line":18,"column":4}},{"start":{"line":18,"column":4},"end":{"line":18,"column":4}}]},"2":{"line":30,"type":"if","locations":[{"start":{"line":30,"column":4},"end":{"line":30,"column":4}},{"start":{"line":30,"column":4},"end":{"line":30,"column":4}}]},"3":{"line":45,"type":"if","locations":[{"start":{"line":45,"column":4},"end":{"line":45,"column":4}},{"start":{"line":45,"column":4},"end":{"line":45,"column":4}}]},"4":{"line":51,"type":"if","locations":[{"start":{"line":51,"column":4},"end":{"line":51,"column":4}},{"start":{"line":51,"column":4},"end":{"line":51,"column":4}}]}}},"/home/clement/dev/github/vscode-org-mode/out/src/modify-context.js":{"path":"/home/clement/dev/github/vscode-org-mode/out/src/modify-context.js","s":{"1":1,"2":1,"3":1,"4":1,"5":1,"6":1,"7":1,"8":1,"9":4,"10":4,"11":0,"12":0,"13":4,"14":0,"15":0,"16":0,"17":4,"18":4,"19":1,"20":1,"21":1,"22":1,"23":4,"24":4,"25":1,"26":2,"27":1,"28":1,"29":2,"30":1},"b":{"1":[0,4],"2":[0,4],"3":[1,3]},"f":{"1":4,"2":2,"3":2},"fnMap":{"1":{"name":"modifyContext","line":10,"loc":{"start":{"line":10,"column":0},"end":{"line":10,"column":49}}},"2":{"name":"incrementContext","line":34,"loc":{"start":{"line":34,"column":0},"end":{"line":34,"column":44}}},"3":{"name":"decrementContext","line":38,"loc":{"start":{"line":38,"column":0},"end":{"line":38,"column":44}}}},"statementMap":{"1":{"start":{"line":2,"column":0},"end":{"line":2,"column":62}},"2":{"start":{"line":3,"column":0},"end":{"line":3,"column":33}},"3":{"start":{"line":4,"column":0},"end":{"line":4,"column":53}},"4":{"start":{"line":5,"column":0},"end":{"line":5,"column":46}},"5":{"start":{"line":6,"column":0},"end":{"line":6,"column":47}},"6":{"start":{"line":7,"column":0},"end":{"line":7,"column":18}},"7":{"start":{"line":8,"column":0},"end":{"line":8,"column":22}},"8":{"start":{"line":10,"column":0},"end":{"line":33,"column":1}},"9":{"start":{"line":11,"column":4},"end":{"line":11,"column":59}},"10":{"start":{"line":12,"column":4},"end":{"line":15,"column":5}},"11":{"start":{"line":13,"column":8},"end":{"line":13,"column":63}},"12":{"start":{"line":14,"column":8},"end":{"line":14,"column":15}},"13":{"start":{"line":16,"column":4},"end":{"line":32,"column":5}},"14":{"start":{"line":18,"column":12},"end":{"line":18,"column":72}},"15":{"start":{"line":19,"column":12},"end":{"line":19,"column":51}},"16":{"start":{"line":20,"column":12},"end":{"line":20,"column":18}},"17":{"start":{"line":22,"column":12},"end":{"line":22,"column":74}},"18":{"start":{"line":23,"column":12},"end":{"line":29,"column":13}},"19":{"start":{"line":25,"column":16},"end":{"line":25,"column":45}},"20":{"start":{"line":26,"column":16},"end":{"line":26,"column":80}},"21":{"start":{"line":27,"column":16},"end":{"line":27,"column":43}},"22":{"start":{"line":28,"column":16},"end":{"line":28,"column":59}},"23":{"start":{"line":30,"column":12},"end":{"line":30,"column":51}},"24":{"start":{"line":31,"column":12},"end":{"line":31,"column":18}},"25":{"start":{"line":34,"column":0},"end":{"line":36,"column":1}},"26":{"start":{"line":35,"column":4},"end":{"line":35,"column":48}},"27":{"start":{"line":37,"column":0},"end":{"line":37,"column":44}},"28":{"start":{"line":38,"column":0},"end":{"line":40,"column":1}},"29":{"start":{"line":39,"column":4},"end":{"line":39,"column":50}},"30":{"start":{"line":41,"column":0},"end":{"line":41,"column":44}}},"branchMap":{"1":{"line":12,"type":"if","locations":[{"start":{"line":12,"column":4},"end":{"line":12,"column":4}},{"start":{"line":12,"column":4},"end":{"line":12,"column":4}}]},"2":{"line":16,"type":"switch","locations":[{"start":{"line":17,"column":8},"end":{"line":20,"column":18}},{"start":{"line":21,"column":8},"end":{"line":31,"column":18}}]},"3":{"line":23,"type":"if","locations":[{"start":{"line":23,"column":12},"end":{"line":23,"column":12}},{"start":{"line":23,"column":12},"end":{"line":23,"column":12}}]}}},"/home/clement/dev/github/vscode-org-mode/out/src/cursor-context.js":{"path":"/home/clement/dev/github/vscode-org-mode/out/src/cursor-context.js","s":{"1":0,"2":0,"3":0,"4":0,"5":0,"6":0,"7":0,"8":0,"9":0,"10":0,"11":0,"12":0,"13":0,"14":0,"15":0,"16":0,"17":0,"18":0,"19":0,"20":0,"21":0,"22":0,"23":0,"24":0,"25":0,"26":0,"27":0,"28":0,"29":0,"30":0,"31":0,"32":0,"33":0,"34":0,"35":0,"36":0,"37":0,"38":0,"39":0},"b":{"1":[0,0],"2":[0,0],"3":[0,0]},"f":{"1":0,"2":0,"3":0},"fnMap":{"1":{"name":"getCursorContext","line":9,"loc":{"start":{"line":9,"column":0},"end":{"line":9,"column":44}}},"2":{"name":"getTimestampContext","line":34,"loc":{"start":{"line":34,"column":0},"end":{"line":34,"column":47}}},"3":{"name":"getTodoContext","line":50,"loc":{"start":{"line":50,"column":0},"end":{"line":50,"column":42}}}},"statementMap":{"1":{"start":{"line":2,"column":0},"end":{"line":2,"column":62}},"2":{"start":{"line":4,"column":0},"end":{"line":4,"column":35}},"3":{"start":{"line":5,"column":0},"end":{"line":5,"column":32}},"4":{"start":{"line":7,"column":0},"end":{"line":7,"column":22}},"5":{"start":{"line":8,"column":0},"end":{"line":8,"column":22}},"6":{"start":{"line":9,"column":0},"end":{"line":32,"column":1}},"7":{"start":{"line":10,"column":4},"end":{"line":10,"column":52}},"8":{"start":{"line":11,"column":4},"end":{"line":11,"column":47}},"9":{"start":{"line":12,"column":4},"end":{"line":12,"column":54}},"10":{"start":{"line":14,"column":4},"end":{"line":14,"column":68}},"11":{"start":{"line":15,"column":4},"end":{"line":15,"column":14}},"12":{"start":{"line":16,"column":4},"end":{"line":21,"column":5}},"13":{"start":{"line":17,"column":8},"end":{"line":17,"column":71}},"14":{"start":{"line":18,"column":8},"end":{"line":20,"column":9}},"15":{"start":{"line":19,"column":12},"end":{"line":19,"column":36}},"16":{"start":{"line":23,"column":4},"end":{"line":23,"column":54}},"17":{"start":{"line":25,"column":4},"end":{"line":25,"column":89}},"18":{"start":{"line":26,"column":4},"end":{"line":26,"column":43}},"19":{"start":{"line":27,"column":4},"end":{"line":30,"column":5}},"20":{"start":{"line":29,"column":8},"end":{"line":29,"column":48}},"21":{"start":{"line":31,"column":4},"end":{"line":31,"column":21}},"22":{"start":{"line":33,"column":0},"end":{"line":33,"column":35}},"23":{"start":{"line":34,"column":0},"end":{"line":49,"column":1}},"24":{"start":{"line":35,"column":4},"end":{"line":35,"column":32}},"25":{"start":{"line":36,"column":4},"end":{"line":36,"column":62}},"26":{"start":{"line":37,"column":4},"end":{"line":37,"column":78}},"27":{"start":{"line":38,"column":4},"end":{"line":38,"column":55}},"28":{"start":{"line":39,"column":4},"end":{"line":47,"column":5}},"29":{"start":{"line":41,"column":8},"end":{"line":46,"column":10}},"30":{"start":{"line":50,"column":0},"end":{"line":65,"column":1}},"31":{"start":{"line":51,"column":4},"end":{"line":51,"column":32}},"32":{"start":{"line":52,"column":4},"end":{"line":52,"column":28}},"33":{"start":{"line":53,"column":4},"end":{"line":53,"column":30}},"34":{"start":{"line":54,"column":4},"end":{"line":54,"column":48}},"35":{"start":{"line":55,"column":4},"end":{"line":55,"column":56}},"36":{"start":{"line":56,"column":4},"end":{"line":56,"column":40}},"37":{"start":{"line":57,"column":4},"end":{"line":57,"column":52}},"38":{"start":{"line":58,"column":4},"end":{"line":58,"column":55}},"39":{"start":{"line":59,"column":4},"end":{"line":64,"column":6}}},"branchMap":{"1":{"line":18,"type":"if","locations":[{"start":{"line":18,"column":8},"end":{"line":18,"column":8}},{"start":{"line":18,"column":8},"end":{"line":18,"column":8}}]},"2":{"line":27,"type":"if","locations":[{"start":{"line":27,"column":4},"end":{"line":27,"column":4}},{"start":{"line":27,"column":4},"end":{"line":27,"column":4}}]},"3":{"line":39,"type":"if","locations":[{"start":{"line":39,"column":4},"end":{"line":39,"column":4}},{"start":{"line":39,"column":4},"end":{"line":39,"column":4}}]}}},"/home/clement/dev/github/vscode-org-mode/out/src/extension.js":{"path":"/home/clement/dev/github/vscode-org-mode/out/src/extension.js","s":{"1":0,"2":0,"3":0,"4":0,"5":0,"6":0,"7":0,"8":0,"9":0,"10":0,"11":0,"12":0,"13":0,"14":0,"15":0,"16":0,"17":0,"18":0,"19":0,"20":0,"21":0,"22":0,"23":0,"24":0,"25":0,"26":0,"27":0,"28":0,"29":0,"30":0,"31":0,"32":0,"33":0,"34":0,"35":0,"36":0,"37":0,"38":0,"39":0,"40":0,"41":0,"42":0,"43":0,"44":0,"45":0,"46":0,"47":0,"48":0,"49":0,"50":0,"51":0},"b":{},"f":{"1":0,"2":0},"fnMap":{"1":{"name":"activate","line":11,"loc":{"start":{"line":11,"column":0},"end":{"line":11,"column":27}}},"2":{"name":"deactivate","line":52,"loc":{"start":{"line":52,"column":0},"end":{"line":52,"column":22}}}},"statementMap":{"1":{"start":{"line":2,"column":0},"end":{"line":2,"column":62}},"2":{"start":{"line":3,"column":0},"end":{"line":3,"column":33}},"3":{"start":{"line":4,"column":0},"end":{"line":4,"column":54}},"4":{"start":{"line":5,"column":0},"end":{"line":5,"column":60}},"5":{"start":{"line":6,"column":0},"end":{"line":6,"column":54}},"6":{"start":{"line":7,"column":0},"end":{"line":7,"column":56}},"7":{"start":{"line":8,"column":0},"end":{"line":8,"column":53}},"8":{"start":{"line":9,"column":0},"end":{"line":9,"column":62}},"9":{"start":{"line":10,"column":0},"end":{"line":10,"column":89}},"10":{"start":{"line":11,"column":0},"end":{"line":50,"column":1}},"11":{"start":{"line":12,"column":4},"end":{"line":12,"column":163}},"12":{"start":{"line":13,"column":4},"end":{"line":13,"column":120}},"13":{"start":{"line":14,"column":4},"end":{"line":14,"column":110}},"14":{"start":{"line":15,"column":4},"end":{"line":15,"column":113}},"15":{"start":{"line":16,"column":4},"end":{"line":16,"column":125}},"16":{"start":{"line":17,"column":4},"end":{"line":17,"column":122}},"17":{"start":{"line":18,"column":4},"end":{"line":18,"column":124}},"18":{"start":{"line":19,"column":4},"end":{"line":19,"column":106}},"19":{"start":{"line":20,"column":4},"end":{"line":20,"column":109}},"20":{"start":{"line":21,"column":4},"end":{"line":21,"column":118}},"21":{"start":{"line":22,"column":4},"end":{"line":22,"column":131}},"22":{"start":{"line":23,"column":4},"end":{"line":23,"column":131}},"23":{"start":{"line":24,"column":4},"end":{"line":24,"column":96}},"24":{"start":{"line":25,"column":4},"end":{"line":25,"column":102}},"25":{"start":{"line":26,"column":4},"end":{"line":26,"column":111}},"26":{"start":{"line":27,"column":4},"end":{"line":27,"column":96}},"27":{"start":{"line":28,"column":4},"end":{"line":28,"column":105}},"28":{"start":{"line":29,"column":4},"end":{"line":29,"column":105}},"29":{"start":{"line":30,"column":4},"end":{"line":30,"column":115}},"30":{"start":{"line":31,"column":4},"end":{"line":31,"column":63}},"31":{"start":{"line":32,"column":4},"end":{"line":32,"column":47}},"32":{"start":{"line":33,"column":4},"end":{"line":33,"column":46}},"33":{"start":{"line":34,"column":4},"end":{"line":34,"column":47}},"34":{"start":{"line":35,"column":4},"end":{"line":35,"column":50}},"35":{"start":{"line":36,"column":4},"end":{"line":36,"column":49}},"36":{"start":{"line":37,"column":4},"end":{"line":37,"column":51}},"37":{"start":{"line":38,"column":4},"end":{"line":38,"column":52}},"38":{"start":{"line":39,"column":4},"end":{"line":39,"column":52}},"39":{"start":{"line":40,"column":4},"end":{"line":40,"column":40}},"40":{"start":{"line":41,"column":4},"end":{"line":41,"column":42}},"41":{"start":{"line":42,"column":4},"end":{"line":42,"column":45}},"42":{"start":{"line":43,"column":4},"end":{"line":43,"column":40}},"43":{"start":{"line":44,"column":4},"end":{"line":44,"column":43}},"44":{"start":{"line":45,"column":4},"end":{"line":45,"column":43}},"45":{"start":{"line":46,"column":4},"end":{"line":46,"column":45}},"46":{"start":{"line":47,"column":4},"end":{"line":47,"column":91}},"47":{"start":{"line":48,"column":4},"end":{"line":48,"column":67}},"48":{"start":{"line":49,"column":4},"end":{"line":49,"column":69}},"49":{"start":{"line":51,"column":0},"end":{"line":51,"column":28}},"50":{"start":{"line":52,"column":0},"end":{"line":53,"column":1}},"51":{"start":{"line":54,"column":0},"end":{"line":54,"column":32}}},"branchMap":{}},"/home/clement/dev/github/vscode-org-mode/out/src/header-functions.js":{"path":"/home/clement/dev/github/vscode-org-mode/out/src/header-functions.js","s":{"1":0,"2":0,"3":0,"4":0,"5":0,"6":0,"7":0,"8":0,"9":0,"10":0,"11":0,"12":0,"13":0,"14":0,"15":0,"16":0,"17":0,"18":0,"19":0,"20":0,"21":0,"22":0,"23":0,"24":0,"25":0,"26":0,"27":0,"28":0,"29":0,"30":0,"31":0,"32":0,"33":0,"34":0,"35":0,"36":0,"37":0,"38":0,"39":0,"40":0,"41":0,"42":0,"43":0,"44":0,"45":0,"46":0,"47":0,"48":0,"49":0,"50":0,"51":0,"52":0,"53":0},"b":{"1":[0,0],"2":[0,0],"3":[0,0],"4":[0,0],"5":[0,0],"6":[0,0],"7":[0,0]},"f":{"1":0,"2":0,"3":0,"4":0},"fnMap":{"1":{"name":"insertHeadingRespectContent","line":5,"loc":{"start":{"line":5,"column":0},"end":{"line":5,"column":55}}},"2":{"name":"insertChild","line":29,"loc":{"start":{"line":29,"column":0},"end":{"line":29,"column":39}}},"3":{"name":"demoteLine","line":43,"loc":{"start":{"line":43,"column":0},"end":{"line":43,"column":38}}},"4":{"name":"promoteLine","line":54,"loc":{"start":{"line":54,"column":0},"end":{"line":54,"column":39}}}},"statementMap":{"1":{"start":{"line":2,"column":0},"end":{"line":2,"column":62}},"2":{"start":{"line":3,"column":0},"end":{"line":3,"column":33}},"3":{"start":{"line":4,"column":0},"end":{"line":4,"column":33}},"4":{"start":{"line":5,"column":0},"end":{"line":27,"column":1}},"5":{"start":{"line":6,"column":4},"end":{"line":6,"column":41}},"6":{"start":{"line":7,"column":4},"end":{"line":7,"column":48}},"7":{"start":{"line":8,"column":4},"end":{"line":8,"column":55}},"8":{"start":{"line":9,"column":4},"end":{"line":9,"column":37}},"9":{"start":{"line":10,"column":4},"end":{"line":10,"column":67}},"10":{"start":{"line":11,"column":4},"end":{"line":11,"column":16}},"11":{"start":{"line":12,"column":4},"end":{"line":12,"column":54}},"12":{"start":{"line":13,"column":4},"end":{"line":21,"column":5}},"13":{"start":{"line":14,"column":8},"end":{"line":14,"column":31}},"14":{"start":{"line":15,"column":8},"end":{"line":15,"column":73}},"15":{"start":{"line":18,"column":8},"end":{"line":18,"column":78}},"16":{"start":{"line":19,"column":8},"end":{"line":19,"column":31}},"17":{"start":{"line":20,"column":8},"end":{"line":20,"column":90}},"18":{"start":{"line":22,"column":4},"end":{"line":26,"column":5}},"19":{"start":{"line":23,"column":8},"end":{"line":23,"column":53}},"20":{"start":{"line":24,"column":8},"end":{"line":24,"column":82}},"21":{"start":{"line":25,"column":8},"end":{"line":25,"column":100}},"22":{"start":{"line":28,"column":0},"end":{"line":28,"column":66}},"23":{"start":{"line":29,"column":0},"end":{"line":41,"column":1}},"24":{"start":{"line":30,"column":4},"end":{"line":30,"column":41}},"25":{"start":{"line":31,"column":4},"end":{"line":31,"column":48}},"26":{"start":{"line":32,"column":4},"end":{"line":32,"column":66}},"27":{"start":{"line":33,"column":4},"end":{"line":33,"column":37}},"28":{"start":{"line":34,"column":4},"end":{"line":34,"column":54}},"29":{"start":{"line":35,"column":4},"end":{"line":35,"column":67}},"30":{"start":{"line":36,"column":4},"end":{"line":40,"column":5}},"31":{"start":{"line":37,"column":8},"end":{"line":37,"column":66}},"32":{"start":{"line":38,"column":8},"end":{"line":38,"column":82}},"33":{"start":{"line":39,"column":8},"end":{"line":39,"column":71}},"34":{"start":{"line":42,"column":0},"end":{"line":42,"column":34}},"35":{"start":{"line":43,"column":0},"end":{"line":52,"column":1}},"36":{"start":{"line":44,"column":4},"end":{"line":44,"column":41}},"37":{"start":{"line":45,"column":4},"end":{"line":45,"column":48}},"38":{"start":{"line":46,"column":4},"end":{"line":46,"column":66}},"39":{"start":{"line":47,"column":4},"end":{"line":47,"column":54}},"40":{"start":{"line":48,"column":4},"end":{"line":48,"column":59}},"41":{"start":{"line":49,"column":4},"end":{"line":51,"column":5}},"42":{"start":{"line":50,"column":8},"end":{"line":50,"column":36}},"43":{"start":{"line":53,"column":0},"end":{"line":53,"column":32}},"44":{"start":{"line":54,"column":0},"end":{"line":64,"column":1}},"45":{"start":{"line":55,"column":4},"end":{"line":55,"column":41}},"46":{"start":{"line":56,"column":4},"end":{"line":56,"column":48}},"47":{"start":{"line":57,"column":4},"end":{"line":57,"column":66}},"48":{"start":{"line":58,"column":4},"end":{"line":58,"column":54}},"49":{"start":{"line":59,"column":4},"end":{"line":59,"column":59}},"50":{"start":{"line":60,"column":4},"end":{"line":63,"column":5}},"51":{"start":{"line":61,"column":8},"end":{"line":61,"column":94}},"52":{"start":{"line":62,"column":8},"end":{"line":62,"column":33}},"53":{"start":{"line":65,"column":0},"end":{"line":65,"column":34}}},"branchMap":{"1":{"line":13,"type":"if","locations":[{"start":{"line":13,"column":4},"end":{"line":13,"column":4}},{"start":{"line":13,"column":4},"end":{"line":13,"column":4}}]},"2":{"line":18,"type":"binary-expr","locations":[{"start":{"line":18,"column":27},"end":{"line":18,"column":70}},{"start":{"line":18,"column":74},"end":{"line":18,"column":77}}]},"3":{"line":22,"type":"if","locations":[{"start":{"line":22,"column":4},"end":{"line":22,"column":4}},{"start":{"line":22,"column":4},"end":{"line":22,"column":4}}]},"4":{"line":36,"type":"if","locations":[{"start":{"line":36,"column":4},"end":{"line":36,"column":4}},{"start":{"line":36,"column":4},"end":{"line":36,"column":4}}]},"5":{"line":49,"type":"if","locations":[{"start":{"line":49,"column":4},"end":{"line":49,"column":4}},{"start":{"line":49,"column":4},"end":{"line":49,"column":4}}]},"6":{"line":60,"type":"if","locations":[{"start":{"line":60,"column":4},"end":{"line":60,"column":4}},{"start":{"line":60,"column":4},"end":{"line":60,"column":4}}]},"7":{"line":60,"type":"binary-expr","locations":[{"start":{"line":60,"column":8},"end":{"line":60,"column":20}},{"start":{"line":60,"column":24},"end":{"line":60,"column":45}}]}}},"/home/clement/dev/github/vscode-org-mode/out/src/markup-functions.js":{"path":"/home/clement/dev/github/vscode-org-mode/out/src/markup-functions.js","s":{"1":0,"2":0,"3":0,"4":0,"5":0,"6":0,"7":0,"8":0,"9":0,"10":0,"11":0,"12":0,"13":0,"14":0,"15":0,"16":0,"17":0,"18":0,"19":0,"20":0},"b":{},"f":{"1":0,"2":0,"3":0,"4":0,"5":0,"6":0},"fnMap":{"1":{"name":"bold","line":4,"loc":{"start":{"line":4,"column":0},"end":{"line":4,"column":32}}},"2":{"name":"italic","line":8,"loc":{"start":{"line":8,"column":0},"end":{"line":8,"column":34}}},"3":{"name":"underline","line":12,"loc":{"start":{"line":12,"column":0},"end":{"line":12,"column":37}}},"4":{"name":"code","line":16,"loc":{"start":{"line":16,"column":0},"end":{"line":16,"column":32}}},"5":{"name":"verbose","line":20,"loc":{"start":{"line":20,"column":0},"end":{"line":20,"column":35}}},"6":{"name":"literal","line":24,"loc":{"start":{"line":24,"column":0},"end":{"line":24,"column":35}}}},"statementMap":{"1":{"start":{"line":2,"column":0},"end":{"line":2,"column":62}},"2":{"start":{"line":3,"column":0},"end":{"line":3,"column":35}},"3":{"start":{"line":4,"column":0},"end":{"line":6,"column":1}},"4":{"start":{"line":5,"column":4},"end":{"line":5,"column":104}},"5":{"start":{"line":7,"column":0},"end":{"line":7,"column":20}},"6":{"start":{"line":8,"column":0},"end":{"line":10,"column":1}},"7":{"start":{"line":9,"column":4},"end":{"line":9,"column":101}},"8":{"start":{"line":11,"column":0},"end":{"line":11,"column":24}},"9":{"start":{"line":12,"column":0},"end":{"line":14,"column":1}},"10":{"start":{"line":13,"column":4},"end":{"line":13,"column":101}},"11":{"start":{"line":15,"column":0},"end":{"line":15,"column":30}},"12":{"start":{"line":16,"column":0},"end":{"line":18,"column":1}},"13":{"start":{"line":17,"column":4},"end":{"line":17,"column":104}},"14":{"start":{"line":19,"column":0},"end":{"line":19,"column":20}},"15":{"start":{"line":20,"column":0},"end":{"line":22,"column":1}},"16":{"start":{"line":21,"column":4},"end":{"line":21,"column":107}},"17":{"start":{"line":23,"column":0},"end":{"line":23,"column":26}},"18":{"start":{"line":24,"column":0},"end":{"line":26,"column":1}},"19":{"start":{"line":25,"column":4},"end":{"line":25,"column":54}},"20":{"start":{"line":27,"column":0},"end":{"line":27,"column":26}}},"branchMap":{}},"/home/clement/dev/github/vscode-org-mode/out/src/org-folding-and-outline-provider.js":{"path":"/home/clement/dev/github/vscode-org-mode/out/src/org-folding-and-outline-provider.js","s":{"1":0,"2":0,"3":0,"4":0,"5":0,"6":0,"7":0,"8":0,"9":0,"10":0,"11":0,"12":0,"13":0,"14":0,"15":0,"16":0,"17":0,"18":0,"19":0,"20":0,"21":0,"22":0,"23":0,"24":0,"25":0,"26":0,"27":0,"28":0,"29":0,"30":0,"31":0,"32":0,"33":0,"34":0,"35":0,"36":0,"37":0,"38":0,"39":0,"40":0,"41":0,"42":0,"43":0,"44":0,"45":0,"46":0,"47":0,"48":0,"49":0,"50":0,"51":0,"52":0,"53":0,"54":0,"55":0,"56":0,"57":0,"58":0,"59":0,"60":0,"61":0,"62":0},"b":{"1":[0,0],"2":[0,0],"3":[0,0],"4":[0,0],"5":[0,0],"6":[0,0],"7":[0,0],"8":[0,0],"9":[0,0],"10":[0,0],"11":[0,0]},"f":{"1":0,"2":0,"3":0,"4":0,"5":0,"6":0,"7":0,"8":0,"9":0,"10":0,"11":0},"fnMap":{"1":{"name":"(anonymous_1)","line":7,"loc":{"start":{"line":7,"column":1},"end":{"line":7,"column":22}}},"2":{"name":"(anonymous_2)","line":12,"loc":{"start":{"line":12,"column":15},"end":{"line":12,"column":18}}},"3":{"name":"(anonymous_3)","line":15,"loc":{"start":{"line":15,"column":24},"end":{"line":15,"column":42}}},"4":{"name":"(anonymous_4)","line":19,"loc":{"start":{"line":19,"column":26},"end":{"line":19,"column":44}}},"5":{"name":"(anonymous_5)","line":23,"loc":{"start":{"line":23,"column":28},"end":{"line":23,"column":39}}},"6":{"name":"(anonymous_6)","line":34,"loc":{"start":{"line":34,"column":15},"end":{"line":34,"column":18}}},"7":{"name":"(anonymous_7)","line":39,"loc":{"start":{"line":39,"column":13},"end":{"line":39,"column":24}}},"8":{"name":"(anonymous_8)","line":43,"loc":{"start":{"line":43,"column":14},"end":{"line":43,"column":25}}},"9":{"name":"(anonymous_9)","line":47,"loc":{"start":{"line":47,"column":11},"end":{"line":47,"column":22}}},"10":{"name":"(anonymous_10)","line":90,"loc":{"start":{"line":90,"column":17},"end":{"line":90,"column":34}}},"11":{"name":"(anonymous_11)","line":94,"loc":{"start":{"line":94,"column":21},"end":{"line":94,"column":28}}}},"statementMap":{"1":{"start":{"line":2,"column":0},"end":{"line":2,"column":62}},"2":{"start":{"line":3,"column":0},"end":{"line":3,"column":35}},"3":{"start":{"line":4,"column":0},"end":{"line":4,"column":33}},"4":{"start":{"line":6,"column":0},"end":{"line":6,"column":14}},"5":{"start":{"line":7,"column":0},"end":{"line":10,"column":34}},"6":{"start":{"line":8,"column":4},"end":{"line":8,"column":53}},"7":{"start":{"line":9,"column":4},"end":{"line":9,"column":49}},"8":{"start":{"line":13,"column":8},"end":{"line":13,"column":51}},"9":{"start":{"line":16,"column":8},"end":{"line":16,"column":62}},"10":{"start":{"line":17,"column":8},"end":{"line":17,"column":41}},"11":{"start":{"line":20,"column":8},"end":{"line":20,"column":62}},"12":{"start":{"line":21,"column":8},"end":{"line":21,"column":42}},"13":{"start":{"line":24,"column":8},"end":{"line":24,"column":61}},"14":{"start":{"line":25,"column":8},"end":{"line":28,"column":9}},"15":{"start":{"line":26,"column":12},"end":{"line":26,"column":60}},"16":{"start":{"line":27,"column":12},"end":{"line":27,"column":60}},"17":{"start":{"line":29,"column":8},"end":{"line":29,"column":21}},"18":{"start":{"line":32,"column":0},"end":{"line":32,"column":68}},"19":{"start":{"line":35,"column":8},"end":{"line":35,"column":47}},"20":{"start":{"line":36,"column":8},"end":{"line":36,"column":25}},"21":{"start":{"line":37,"column":8},"end":{"line":37,"column":26}},"22":{"start":{"line":40,"column":8},"end":{"line":40,"column":31}},"23":{"start":{"line":41,"column":8},"end":{"line":41,"column":27}},"24":{"start":{"line":44,"column":8},"end":{"line":44,"column":31}},"25":{"start":{"line":45,"column":8},"end":{"line":45,"column":28}},"26":{"start":{"line":48,"column":8},"end":{"line":50,"column":9}},"27":{"start":{"line":49,"column":12},"end":{"line":49,"column":19}},"28":{"start":{"line":51,"column":8},"end":{"line":51,"column":59}},"29":{"start":{"line":52,"column":8},"end":{"line":52,"column":25}},"30":{"start":{"line":53,"column":8},"end":{"line":53,"column":26}},"31":{"start":{"line":54,"column":8},"end":{"line":54,"column":41}},"32":{"start":{"line":55,"column":8},"end":{"line":55,"column":25}},"33":{"start":{"line":56,"column":8},"end":{"line":56,"column":28}},"34":{"start":{"line":57,"column":8},"end":{"line":84,"column":9}},"35":{"start":{"line":58,"column":12},"end":{"line":58,"column":56}},"36":{"start":{"line":59,"column":12},"end":{"line":59,"column":38}},"37":{"start":{"line":60,"column":12},"end":{"line":83,"column":13}},"38":{"start":{"line":61,"column":16},"end":{"line":67,"column":17}},"39":{"start":{"line":62,"column":20},"end":{"line":62,"column":36}},"40":{"start":{"line":63,"column":20},"end":{"line":66,"column":21}},"41":{"start":{"line":64,"column":24},"end":{"line":64,"column":48}},"42":{"start":{"line":65,"column":24},"end":{"line":65,"column":60}},"43":{"start":{"line":69,"column":17},"end":{"line":83,"column":13}},"44":{"start":{"line":70,"column":16},"end":{"line":70,"column":31}},"45":{"start":{"line":71,"column":16},"end":{"line":71,"column":59}},"46":{"start":{"line":72,"column":16},"end":{"line":72,"column":116}},"47":{"start":{"line":74,"column":17},"end":{"line":83,"column":13}},"48":{"start":{"line":75,"column":16},"end":{"line":75,"column":68}},"49":{"start":{"line":77,"column":16},"end":{"line":80,"column":17}},"50":{"start":{"line":78,"column":20},"end":{"line":78,"column":44}},"51":{"start":{"line":79,"column":20},"end":{"line":79,"column":60}},"52":{"start":{"line":81,"column":16},"end":{"line":81,"column":57}},"53":{"start":{"line":82,"column":16},"end":{"line":82,"column":107}},"54":{"start":{"line":85,"column":8},"end":{"line":85,"column":16}},"55":{"start":{"line":86,"column":8},"end":{"line":88,"column":9}},"56":{"start":{"line":87,"column":12},"end":{"line":87,"column":47}},"57":{"start":{"line":91,"column":8},"end":{"line":91,"column":78}},"58":{"start":{"line":92,"column":8},"end":{"line":92,"column":191}},"59":{"start":{"line":95,"column":8},"end":{"line":95,"column":49}},"60":{"start":{"line":96,"column":8},"end":{"line":98,"column":9}},"61":{"start":{"line":97,"column":12},"end":{"line":97,"column":49}},"62":{"start":{"line":99,"column":8},"end":{"line":99,"column":41}}},"branchMap":{"1":{"line":10,"type":"binary-expr","locations":[{"start":{"line":10,"column":3},"end":{"line":10,"column":12}},{"start":{"line":10,"column":17},"end":{"line":10,"column":31}}]},"2":{"line":25,"type":"if","locations":[{"start":{"line":25,"column":8},"end":{"line":25,"column":8}},{"start":{"line":25,"column":8},"end":{"line":25,"column":8}}]},"3":{"line":48,"type":"if","locations":[{"start":{"line":48,"column":8},"end":{"line":48,"column":8}},{"start":{"line":48,"column":8},"end":{"line":48,"column":8}}]},"4":{"line":60,"type":"if","locations":[{"start":{"line":60,"column":12},"end":{"line":60,"column":12}},{"start":{"line":60,"column":12},"end":{"line":60,"column":12}}]},"5":{"line":61,"type":"if","locations":[{"start":{"line":61,"column":16},"end":{"line":61,"column":16}},{"start":{"line":61,"column":16},"end":{"line":61,"column":16}}]},"6":{"line":63,"type":"if","locations":[{"start":{"line":63,"column":20},"end":{"line":63,"column":20}},{"start":{"line":63,"column":20},"end":{"line":63,"column":20}}]},"7":{"line":63,"type":"binary-expr","locations":[{"start":{"line":63,"column":24},"end":{"line":63,"column":40}},{"start":{"line":63,"column":44},"end":{"line":63,"column":92}}]},"8":{"line":69,"type":"if","locations":[{"start":{"line":69,"column":17},"end":{"line":69,"column":17}},{"start":{"line":69,"column":17},"end":{"line":69,"column":17}}]},"9":{"line":74,"type":"if","locations":[{"start":{"line":74,"column":17},"end":{"line":74,"column":17}},{"start":{"line":74,"column":17},"end":{"line":74,"column":17}}]},"10":{"line":77,"type":"binary-expr","locations":[{"start":{"line":77,"column":23},"end":{"line":77,"column":39}},{"start":{"line":77,"column":43},"end":{"line":77,"column":88}}]},"11":{"line":96,"type":"if","locations":[{"start":{"line":96,"column":8},"end":{"line":96,"column":8}},{"start":{"line":96,"column":8},"end":{"line":96,"column":8}}]}}},"/home/clement/dev/github/vscode-org-mode/out/src/pascuanese-functions.js":{"path":"/home/clement/dev/github/vscode-org-mode/out/src/pascuanese-functions.js","s":{"1":0,"2":0,"3":0,"4":0,"5":0,"6":0,"7":0,"8":0,"9":0,"10":0,"11":0,"12":0,"13":0,"14":0,"15":0,"16":0,"17":0},"b":{"1":[0,0],"2":[0,0]},"f":{"1":0},"fnMap":{"1":{"name":"butterfly","line":4,"loc":{"start":{"line":4,"column":0},"end":{"line":4,"column":37}}}},"statementMap":{"1":{"start":{"line":2,"column":0},"end":{"line":2,"column":62}},"2":{"start":{"line":3,"column":0},"end":{"line":3,"column":33}},"3":{"start":{"line":4,"column":0},"end":{"line":23,"column":1}},"4":{"start":{"line":5,"column":4},"end":{"line":5,"column":79}},"5":{"start":{"line":6,"column":4},"end":{"line":6,"column":34}},"6":{"start":{"line":7,"column":4},"end":{"line":7,"column":47}},"7":{"start":{"line":8,"column":4},"end":{"line":8,"column":41}},"8":{"start":{"line":9,"column":4},"end":{"line":9,"column":91}},"9":{"start":{"line":10,"column":4},"end":{"line":10,"column":50}},"10":{"start":{"line":11,"column":4},"end":{"line":22,"column":7}},"11":{"start":{"line":13,"column":8},"end":{"line":20,"column":9}},"12":{"start":{"line":14,"column":12},"end":{"line":14,"column":26}},"13":{"start":{"line":15,"column":12},"end":{"line":16,"column":43}},"14":{"start":{"line":16,"column":28},"end":{"line":16,"column":41}},"15":{"start":{"line":18,"column":13},"end":{"line":20,"column":9}},"16":{"start":{"line":19,"column":12},"end":{"line":19,"column":55}},"17":{"start":{"line":24,"column":0},"end":{"line":24,"column":30}}},"branchMap":{"1":{"line":13,"type":"if","locations":[{"start":{"line":13,"column":8},"end":{"line":13,"column":8}},{"start":{"line":13,"column":8},"end":{"line":13,"column":8}}]},"2":{"line":18,"type":"if","locations":[{"start":{"line":18,"column":13},"end":{"line":18,"column":13}},{"start":{"line":18,"column":13},"end":{"line":18,"column":13}}]}}},"/home/clement/dev/github/vscode-org-mode/out/src/simple-datetime.js":{"path":"/home/clement/dev/github/vscode-org-mode/out/src/simple-datetime.js","s":{"1":0,"2":0,"3":0,"4":0,"5":0,"6":0,"7":0,"8":0,"9":0,"10":0,"11":0,"12":0,"13":0,"14":0,"15":0,"16":0,"17":0,"18":0,"19":0,"20":0,"21":0,"22":0,"23":0,"24":0,"25":0,"26":0,"27":0,"28":0,"29":0,"30":0,"31":0,"32":0,"33":0,"34":0,"35":0,"36":0,"37":0,"38":0,"39":0,"40":0,"41":0,"42":0,"43":0,"44":0,"45":0,"46":0,"47":0,"48":0,"49":0,"50":0,"51":0,"52":0,"53":0,"54":0,"55":0,"56":0,"57":0,"58":0,"59":0,"60":0,"61":0,"62":0,"63":0,"64":0,"65":0,"66":0,"67":0,"68":0,"69":0,"70":0,"71":0,"72":0,"73":0,"74":0,"75":0,"76":0,"77":0,"78":0,"79":0,"80":0,"81":0,"82":0,"83":0,"84":0,"85":0,"86":0,"87":0,"88":0,"89":0,"90":0,"91":0,"92":0,"93":0,"94":0,"95":0,"96":0,"97":0,"98":0,"99":0,"100":0},"b":{"1":[0,0],"2":[0,0],"3":[0,0,0],"4":[0,0],"5":[0,0],"6":[0,0],"7":[0,0],"8":[0,0],"9":[0,0],"10":[0,0],"11":[0,0]},"f":{"1":0,"2":0,"3":0,"4":0,"5":0,"6":0,"7":0,"8":0,"9":0,"10":0,"11":0,"12":0},"fnMap":{"1":{"name":"parseDate","line":6,"loc":{"start":{"line":6,"column":0},"end":{"line":6,"column":31}}},"2":{"name":"isValidSimpleDate","line":25,"loc":{"start":{"line":25,"column":0},"end":{"line":25,"column":37}}},"3":{"name":"buildDateString","line":29,"loc":{"start":{"line":29,"column":0},"end":{"line":29,"column":35}}},"4":{"name":"buildDateTimeString","line":42,"loc":{"start":{"line":42,"column":0},"end":{"line":42,"column":39}}},"5":{"name":"padDate","line":57,"loc":{"start":{"line":57,"column":0},"end":{"line":57,"column":22}}},"6":{"name":"padTime","line":64,"loc":{"start":{"line":64,"column":0},"end":{"line":64,"column":22}}},"7":{"name":"dateToSimpleDate","line":71,"loc":{"start":{"line":71,"column":0},"end":{"line":71,"column":38}}},"8":{"name":"dateToSimpleDateTime","line":84,"loc":{"start":{"line":84,"column":0},"end":{"line":84,"column":42}}},"9":{"name":"currentDate","line":91,"loc":{"start":{"line":91,"column":0},"end":{"line":91,"column":23}}},"10":{"name":"currentDateTime","line":96,"loc":{"start":{"line":96,"column":0},"end":{"line":96,"column":27}}},"11":{"name":"modifyDate","line":101,"loc":{"start":{"line":101,"column":0},"end":{"line":101,"column":40}}},"12":{"name":"getClockTotal","line":117,"loc":{"start":{"line":117,"column":0},"end":{"line":117,"column":29}}}},"statementMap":{"1":{"start":{"line":2,"column":0},"end":{"line":2,"column":62}},"2":{"start":{"line":3,"column":0},"end":{"line":3,"column":36}},"3":{"start":{"line":4,"column":0},"end":{"line":4,"column":33}},"4":{"start":{"line":5,"column":0},"end":{"line":5,"column":71}},"5":{"start":{"line":6,"column":0},"end":{"line":22,"column":1}},"6":{"start":{"line":7,"column":4},"end":{"line":7,"column":53}},"7":{"start":{"line":8,"column":4},"end":{"line":8,"column":51}},"8":{"start":{"line":9,"column":4},"end":{"line":9,"column":25}},"9":{"start":{"line":10,"column":4},"end":{"line":14,"column":5}},"10":{"start":{"line":11,"column":8},"end":{"line":11,"column":39}},"11":{"start":{"line":12,"column":8},"end":{"line":12,"column":40}},"12":{"start":{"line":13,"column":8},"end":{"line":13,"column":38}},"13":{"start":{"line":15,"column":4},"end":{"line":15,"column":40}},"14":{"start":{"line":16,"column":4},"end":{"line":16,"column":57}},"15":{"start":{"line":17,"column":4},"end":{"line":17,"column":16}},"16":{"start":{"line":18,"column":4},"end":{"line":20,"column":5}},"17":{"start":{"line":19,"column":8},"end":{"line":19,"column":35}},"18":{"start":{"line":21,"column":4},"end":{"line":21,"column":41}},"19":{"start":{"line":23,"column":0},"end":{"line":23,"column":30}},"20":{"start":{"line":25,"column":0},"end":{"line":27,"column":1}},"21":{"start":{"line":26,"column":4},"end":{"line":26,"column":86}},"22":{"start":{"line":28,"column":0},"end":{"line":28,"column":46}},"23":{"start":{"line":29,"column":0},"end":{"line":39,"column":1}},"24":{"start":{"line":30,"column":4},"end":{"line":30,"column":51}},"25":{"start":{"line":31,"column":4},"end":{"line":31,"column":47}},"26":{"start":{"line":32,"column":4},"end":{"line":34,"column":5}},"27":{"start":{"line":33,"column":8},"end":{"line":33,"column":41}},"28":{"start":{"line":35,"column":4},"end":{"line":37,"column":5}},"29":{"start":{"line":36,"column":8},"end":{"line":36,"column":48}},"30":{"start":{"line":38,"column":4},"end":{"line":38,"column":29}},"31":{"start":{"line":40,"column":0},"end":{"line":40,"column":42}},"32":{"start":{"line":42,"column":0},"end":{"line":54,"column":1}},"33":{"start":{"line":43,"column":4},"end":{"line":43,"column":67}},"34":{"start":{"line":44,"column":4},"end":{"line":44,"column":47}},"35":{"start":{"line":45,"column":4},"end":{"line":45,"column":43}},"36":{"start":{"line":46,"column":4},"end":{"line":49,"column":5}},"37":{"start":{"line":47,"column":8},"end":{"line":47,"column":41}},"38":{"start":{"line":48,"column":8},"end":{"line":48,"column":41}},"39":{"start":{"line":50,"column":4},"end":{"line":52,"column":5}},"40":{"start":{"line":51,"column":8},"end":{"line":51,"column":48}},"41":{"start":{"line":53,"column":4},"end":{"line":53,"column":43}},"42":{"start":{"line":55,"column":0},"end":{"line":55,"column":50}},"43":{"start":{"line":57,"column":0},"end":{"line":63,"column":1}},"44":{"start":{"line":58,"column":4},"end":{"line":58,"column":29}},"45":{"start":{"line":59,"column":4},"end":{"line":61,"column":5}},"46":{"start":{"line":60,"column":8},"end":{"line":60,"column":43}},"47":{"start":{"line":62,"column":4},"end":{"line":62,"column":15}},"48":{"start":{"line":64,"column":0},"end":{"line":70,"column":1}},"49":{"start":{"line":65,"column":4},"end":{"line":65,"column":33}},"50":{"start":{"line":66,"column":4},"end":{"line":68,"column":5}},"51":{"start":{"line":67,"column":8},"end":{"line":67,"column":44}},"52":{"start":{"line":69,"column":4},"end":{"line":69,"column":15}},"53":{"start":{"line":71,"column":0},"end":{"line":82,"column":1}},"54":{"start":{"line":72,"column":4},"end":{"line":72,"column":42}},"55":{"start":{"line":73,"column":4},"end":{"line":73,"column":44}},"56":{"start":{"line":74,"column":4},"end":{"line":74,"column":37}},"57":{"start":{"line":75,"column":4},"end":{"line":75,"column":54}},"58":{"start":{"line":76,"column":4},"end":{"line":81,"column":6}},"59":{"start":{"line":83,"column":0},"end":{"line":83,"column":44}},"60":{"start":{"line":84,"column":0},"end":{"line":89,"column":1}},"61":{"start":{"line":85,"column":4},"end":{"line":85,"column":54}},"62":{"start":{"line":86,"column":4},"end":{"line":86,"column":49}},"63":{"start":{"line":87,"column":4},"end":{"line":87,"column":53}},"64":{"start":{"line":88,"column":4},"end":{"line":88,"column":26}},"65":{"start":{"line":90,"column":0},"end":{"line":90,"column":52}},"66":{"start":{"line":91,"column":0},"end":{"line":94,"column":1}},"67":{"start":{"line":92,"column":4},"end":{"line":92,"column":35}},"68":{"start":{"line":93,"column":4},"end":{"line":93,"column":40}},"69":{"start":{"line":95,"column":0},"end":{"line":95,"column":34}},"70":{"start":{"line":96,"column":0},"end":{"line":99,"column":1}},"71":{"start":{"line":97,"column":4},"end":{"line":97,"column":35}},"72":{"start":{"line":98,"column":4},"end":{"line":98,"column":44}},"73":{"start":{"line":100,"column":0},"end":{"line":100,"column":42}},"74":{"start":{"line":101,"column":0},"end":{"line":115,"column":1}},"75":{"start":{"line":102,"column":4},"end":{"line":102,"column":42}},"76":{"start":{"line":103,"column":4},"end":{"line":103,"column":86}},"77":{"start":{"line":104,"column":4},"end":{"line":109,"column":5}},"78":{"start":{"line":105,"column":8},"end":{"line":105,"column":52}},"79":{"start":{"line":108,"column":8},"end":{"line":108,"column":53}},"80":{"start":{"line":110,"column":4},"end":{"line":110,"column":49}},"81":{"start":{"line":111,"column":4},"end":{"line":113,"column":5}},"82":{"start":{"line":112,"column":8},"end":{"line":112,"column":36}},"83":{"start":{"line":114,"column":4},"end":{"line":114,"column":36}},"84":{"start":{"line":116,"column":0},"end":{"line":116,"column":32}},"85":{"start":{"line":117,"column":0},"end":{"line":133,"column":1}},"86":{"start":{"line":118,"column":4},"end":{"line":118,"column":53}},"87":{"start":{"line":119,"column":4},"end":{"line":119,"column":37}},"88":{"start":{"line":120,"column":4},"end":{"line":120,"column":36}},"89":{"start":{"line":121,"column":4},"end":{"line":122,"column":18}},"90":{"start":{"line":122,"column":8},"end":{"line":122,"column":18}},"91":{"start":{"line":123,"column":4},"end":{"line":123,"column":55}},"92":{"start":{"line":124,"column":4},"end":{"line":124,"column":56}},"93":{"start":{"line":125,"column":4},"end":{"line":125,"column":57}},"94":{"start":{"line":126,"column":4},"end":{"line":126,"column":55}},"95":{"start":{"line":127,"column":4},"end":{"line":127,"column":55}},"96":{"start":{"line":128,"column":4},"end":{"line":128,"column":44}},"97":{"start":{"line":129,"column":4},"end":{"line":131,"column":5}},"98":{"start":{"line":130,"column":8},"end":{"line":130,"column":43}},"99":{"start":{"line":132,"column":4},"end":{"line":132,"column":23}},"100":{"start":{"line":134,"column":0},"end":{"line":134,"column":38}}},"branchMap":{"1":{"line":10,"type":"if","locations":[{"start":{"line":10,"column":4},"end":{"line":10,"column":4}},{"start":{"line":10,"column":4},"end":{"line":10,"column":4}}]},"2":{"line":18,"type":"if","locations":[{"start":{"line":18,"column":4},"end":{"line":18,"column":4}},{"start":{"line":18,"column":4},"end":{"line":18,"column":4}}]},"3":{"line":26,"type":"binary-expr","locations":[{"start":{"line":26,"column":11},"end":{"line":26,"column":33}},{"start":{"line":26,"column":37},"end":{"line":26,"column":60}},{"start":{"line":26,"column":64},"end":{"line":26,"column":85}}]},"4":{"line":32,"type":"if","locations":[{"start":{"line":32,"column":4},"end":{"line":32,"column":4}},{"start":{"line":32,"column":4},"end":{"line":32,"column":4}}]},"5":{"line":35,"type":"if","locations":[{"start":{"line":35,"column":4},"end":{"line":35,"column":4}},{"start":{"line":35,"column":4},"end":{"line":35,"column":4}}]},"6":{"line":46,"type":"if","locations":[{"start":{"line":46,"column":4},"end":{"line":46,"column":4}},{"start":{"line":46,"column":4},"end":{"line":46,"column":4}}]},"7":{"line":50,"type":"if","locations":[{"start":{"line":50,"column":4},"end":{"line":50,"column":4}},{"start":{"line":50,"column":4},"end":{"line":50,"column":4}}]},"8":{"line":104,"type":"if","locations":[{"start":{"line":104,"column":4},"end":{"line":104,"column":4}},{"start":{"line":104,"column":4},"end":{"line":104,"column":4}}]},"9":{"line":111,"type":"if","locations":[{"start":{"line":111,"column":4},"end":{"line":111,"column":4}},{"start":{"line":111,"column":4},"end":{"line":111,"column":4}}]},"10":{"line":121,"type":"if","locations":[{"start":{"line":121,"column":4},"end":{"line":121,"column":4}},{"start":{"line":121,"column":4},"end":{"line":121,"column":4}}]},"11":{"line":129,"type":"if","locations":[{"start":{"line":129,"column":4},"end":{"line":129,"column":4}},{"start":{"line":129,"column":4},"end":{"line":129,"column":4}}]}}},"/home/clement/dev/github/vscode-org-mode/out/src/subtree-functions.js":{"path":"/home/clement/dev/github/vscode-org-mode/out/src/subtree-functions.js","s":{"1":0,"2":0,"3":0,"4":0,"5":0,"6":0,"7":0,"8":0,"9":0,"10":0,"11":0,"12":0,"13":0,"14":0,"15":0,"16":0,"17":0,"18":0,"19":0,"20":0,"21":0,"22":0,"23":0,"24":0,"25":0,"26":0,"27":0,"28":0,"29":0},"b":{"1":[0,0],"2":[0,0],"3":[0,0],"4":[0,0],"5":[0,0]},"f":{"1":0,"2":0},"fnMap":{"1":{"name":"promoteSubtree","line":5,"loc":{"start":{"line":5,"column":0},"end":{"line":5,"column":42}}},"2":{"name":"demoteSubtree","line":24,"loc":{"start":{"line":24,"column":0},"end":{"line":24,"column":41}}}},"statementMap":{"1":{"start":{"line":2,"column":0},"end":{"line":2,"column":62}},"2":{"start":{"line":3,"column":0},"end":{"line":3,"column":33}},"3":{"start":{"line":4,"column":0},"end":{"line":4,"column":33}},"4":{"start":{"line":5,"column":0},"end":{"line":22,"column":1}},"5":{"start":{"line":6,"column":4},"end":{"line":6,"column":41}},"6":{"start":{"line":7,"column":4},"end":{"line":7,"column":48}},"7":{"start":{"line":8,"column":4},"end":{"line":8,"column":64}},"8":{"start":{"line":9,"column":4},"end":{"line":9,"column":54}},"9":{"start":{"line":10,"column":4},"end":{"line":10,"column":81}},"10":{"start":{"line":11,"column":4},"end":{"line":21,"column":5}},"11":{"start":{"line":12,"column":8},"end":{"line":20,"column":9}},"12":{"start":{"line":13,"column":12},"end":{"line":13,"column":57}},"13":{"start":{"line":14,"column":12},"end":{"line":14,"column":96}},"14":{"start":{"line":15,"column":12},"end":{"line":19,"column":13}},"15":{"start":{"line":16,"column":16},"end":{"line":18,"column":17}},"16":{"start":{"line":17,"column":20},"end":{"line":17,"column":91}},"17":{"start":{"line":23,"column":0},"end":{"line":23,"column":40}},"18":{"start":{"line":24,"column":0},"end":{"line":38,"column":1}},"19":{"start":{"line":25,"column":4},"end":{"line":25,"column":41}},"20":{"start":{"line":26,"column":4},"end":{"line":26,"column":48}},"21":{"start":{"line":27,"column":4},"end":{"line":27,"column":64}},"22":{"start":{"line":28,"column":4},"end":{"line":28,"column":54}},"23":{"start":{"line":29,"column":4},"end":{"line":29,"column":81}},"24":{"start":{"line":30,"column":4},"end":{"line":37,"column":5}},"25":{"start":{"line":31,"column":8},"end":{"line":36,"column":9}},"26":{"start":{"line":32,"column":12},"end":{"line":32,"column":57}},"27":{"start":{"line":33,"column":12},"end":{"line":35,"column":13}},"28":{"start":{"line":34,"column":16},"end":{"line":34,"column":47}},"29":{"start":{"line":39,"column":0},"end":{"line":39,"column":38}}},"branchMap":{"1":{"line":11,"type":"if","locations":[{"start":{"line":11,"column":4},"end":{"line":11,"column":4}},{"start":{"line":11,"column":4},"end":{"line":11,"column":4}}]},"2":{"line":15,"type":"if","locations":[{"start":{"line":15,"column":12},"end":{"line":15,"column":12}},{"start":{"line":15,"column":12},"end":{"line":15,"column":12}}]},"3":{"line":16,"type":"if","locations":[{"start":{"line":16,"column":16},"end":{"line":16,"column":16}},{"start":{"line":16,"column":16},"end":{"line":16,"column":16}}]},"4":{"line":30,"type":"if","locations":[{"start":{"line":30,"column":4},"end":{"line":30,"column":4}},{"start":{"line":30,"column":4},"end":{"line":30,"column":4}}]},"5":{"line":33,"type":"if","locations":[{"start":{"line":33,"column":12},"end":{"line":33,"column":12}},{"start":{"line":33,"column":12},"end":{"line":33,"column":12}}]}}},"/home/clement/dev/github/vscode-org-mode/out/src/todo-switch.js":{"path":"/home/clement/dev/github/vscode-org-mode/out/src/todo-switch.js","s":{"1":0,"2":0,"3":0,"4":0,"5":0,"6":0,"7":0,"8":0,"9":0,"10":0,"11":0,"12":0,"13":0,"14":0,"15":0,"16":0,"17":0,"18":0,"19":0},"b":{"1":[0,0],"2":[0,0],"3":[0,0],"4":[0,0]},"f":{"1":0},"fnMap":{"1":{"name":"default_1","line":5,"loc":{"start":{"line":5,"column":0},"end":{"line":5,"column":39}}}},"statementMap":{"1":{"start":{"line":2,"column":0},"end":{"line":2,"column":62}},"2":{"start":{"line":3,"column":0},"end":{"line":3,"column":35}},"3":{"start":{"line":4,"column":0},"end":{"line":4,"column":35}},"4":{"start":{"line":5,"column":0},"end":{"line":27,"column":1}},"5":{"start":{"line":6,"column":4},"end":{"line":6,"column":64}},"6":{"start":{"line":7,"column":4},"end":{"line":7,"column":58}},"7":{"start":{"line":8,"column":4},"end":{"line":21,"column":5}},"8":{"start":{"line":9,"column":8},"end":{"line":9,"column":78}},"9":{"start":{"line":10,"column":8},"end":{"line":10,"column":26}},"10":{"start":{"line":13,"column":8},"end":{"line":13,"column":45}},"11":{"start":{"line":14,"column":8},"end":{"line":14,"column":48}},"12":{"start":{"line":15,"column":8},"end":{"line":20,"column":9}},"13":{"start":{"line":16,"column":12},"end":{"line":16,"column":53}},"14":{"start":{"line":19,"column":12},"end":{"line":19,"column":50}},"15":{"start":{"line":22,"column":4},"end":{"line":22,"column":48}},"16":{"start":{"line":23,"column":4},"end":{"line":25,"column":5}},"17":{"start":{"line":24,"column":8},"end":{"line":24,"column":24}},"18":{"start":{"line":26,"column":4},"end":{"line":26,"column":20}},"19":{"start":{"line":28,"column":0},"end":{"line":28,"column":28}}},"branchMap":{"1":{"line":8,"type":"if","locations":[{"start":{"line":8,"column":4},"end":{"line":8,"column":4}},{"start":{"line":8,"column":4},"end":{"line":8,"column":4}}]},"2":{"line":13,"type":"cond-expr","locations":[{"start":{"line":13,"column":38},"end":{"line":13,"column":39}},{"start":{"line":13,"column":42},"end":{"line":13,"column":44}}]},"3":{"line":15,"type":"if","locations":[{"start":{"line":15,"column":8},"end":{"line":15,"column":8}},{"start":{"line":15,"column":8},"end":{"line":15,"column":8}}]},"4":{"line":23,"type":"if","locations":[{"start":{"line":23,"column":4},"end":{"line":23,"column":4}},{"start":{"line":23,"column":4},"end":{"line":23,"column":4}}]}}},"/home/clement/dev/github/vscode-org-mode/out/src/utils.js":{"path":"/home/clement/dev/github/vscode-org-mode/out/src/utils.js","s":{"1":0,"2":0,"3":0,"4":0,"5":0,"6":0,"7":0,"8":0,"9":0,"10":0,"11":0,"12":0,"13":0,"14":0,"15":0,"16":0,"17":0,"18":0,"19":0,"20":0,"21":0,"22":0,"23":0,"24":0,"25":0,"26":0,"27":0,"28":0,"29":0,"30":0,"31":0,"32":0,"33":0,"34":0,"35":0,"36":0,"37":0,"38":0,"39":0,"40":0,"41":0,"42":0,"43":0,"44":0,"45":0,"46":0,"47":0,"48":0,"49":0,"50":0,"51":0,"52":0,"53":0,"54":0,"55":0,"56":0,"57":0,"58":0,"59":0,"60":0,"61":0,"62":0,"63":0,"64":0,"65":0,"66":0,"67":0,"68":0,"69":0,"70":0,"71":0,"72":0,"73":0,"74":0,"75":0,"76":0,"77":0,"78":0,"79":0,"80":0,"81":0,"82":0,"83":0,"84":0,"85":0,"86":0,"87":0,"88":0,"89":0,"90":0,"91":0,"92":0,"93":0,"94":0,"95":0,"96":0,"97":0,"98":0,"99":0,"100":0,"101":0,"102":0,"103":0,"104":0,"105":0,"106":0,"107":0,"108":0,"109":0,"110":0,"111":0,"112":0,"113":0,"114":0,"115":0,"116":0,"117":0,"118":0,"119":0,"120":0,"121":0,"122":0,"123":0,"124":0,"125":0,"126":0,"127":0,"128":0,"129":0,"130":0,"131":0,"132":0,"133":0,"134":0,"135":0,"136":0,"137":0,"138":0,"139":0,"140":0,"141":0,"142":0,"143":0,"144":0,"145":0,"146":0,"147":0,"148":0,"149":0,"150":0,"151":0,"152":0,"153":0,"154":0,"155":0,"156":0,"157":0,"158":0,"159":0,"160":0,"161":0,"162":0,"163":0,"164":0,"165":0,"166":0,"167":0,"168":0,"169":0,"170":0},"b":{"1":[0,0],"2":[0,0],"3":[0,0],"4":[0,0],"5":[0,0],"6":[0,0],"7":[0,0],"8":[0,0],"9":[0,0],"10":[0,0],"11":[0,0],"12":[0,0],"13":[0,0],"14":[0,0,0,0],"15":[0,0],"16":[0,0],"17":[0,0],"18":[0,0],"19":[0,0],"20":[0,0]},"f":{"1":0,"2":0,"3":0,"4":0,"5":0,"6":0,"7":0,"8":0,"9":0,"10":0,"11":0,"12":0,"13":0,"14":0,"15":0,"16":0,"17":0,"18":0,"19":0,"20":0,"21":0,"22":0,"23":0,"24":0,"25":0},"fnMap":{"1":{"name":"getCursorPosition","line":4,"loc":{"start":{"line":4,"column":0},"end":{"line":4,"column":29}}},"2":{"name":"getActiveTextEditorEdit","line":9,"loc":{"start":{"line":9,"column":0},"end":{"line":9,"column":35}}},"3":{"name":"getLine","line":13,"loc":{"start":{"line":13,"column":0},"end":{"line":13,"column":36}}},"4":{"name":"getHeaderPrefix","line":17,"loc":{"start":{"line":17,"column":0},"end":{"line":17,"column":31}}},"5":{"name":"getHeaderTitle","line":32,"loc":{"start":{"line":32,"column":0},"end":{"line":32,"column":30}}},"6":{"name":"getPrefix","line":36,"loc":{"start":{"line":36,"column":0},"end":{"line":36,"column":25}}},"7":{"name":"findParentPrefix","line":46,"loc":{"start":{"line":46,"column":0},"end":{"line":46,"column":41}}},"8":{"name":"findBeginningOfSectionWithHeader","line":58,"loc":{"start":{"line":58,"column":0},"end":{"line":58,"column":72}}},"9":{"name":"findBeginningOfSection","line":67,"loc":{"start":{"line":67,"column":0},"end":{"line":67,"column":62}}},"10":{"name":"findEndOfSection","line":83,"loc":{"start":{"line":83,"column":0},"end":{"line":83,"column":56}}},"11":{"name":"findEndOfContent","line":101,"loc":{"start":{"line":101,"column":0},"end":{"line":101,"column":56}}},"12":{"name":"inSubsection","line":127,"loc":{"start":{"line":127,"column":0},"end":{"line":127,"column":48}}},"13":{"name":"getSectionRegex","line":132,"loc":{"start":{"line":132,"column":0},"end":{"line":132,"column":33}}},"14":{"name":"getStarPrefixCount","line":159,"loc":{"start":{"line":159,"column":0},"end":{"line":159,"column":36}}},"15":{"name":"surroundWithText","line":166,"loc":{"start":{"line":166,"column":0},"end":{"line":166,"column":75}}},"16":{"name":"prependTextToLine","line":177,"loc":{"start":{"line":177,"column":0},"end":{"line":177,"column":61}}},"17":{"name":"moveToEndOfLine","line":186,"loc":{"start":{"line":186,"column":0},"end":{"line":186,"column":38}}},"18":{"name":"getKeywords","line":193,"loc":{"start":{"line":193,"column":0},"end":{"line":193,"column":23}}},"19":{"name":"getLeftZero","line":200,"loc":{"start":{"line":200,"column":0},"end":{"line":200,"column":23}}},"20":{"name":"getClockInOutSeparator","line":206,"loc":{"start":{"line":206,"column":0},"end":{"line":206,"column":34}}},"21":{"name":"getClockTotalSeparator","line":212,"loc":{"start":{"line":212,"column":0},"end":{"line":212,"column":34}}},"22":{"name":"getUniq","line":218,"loc":{"start":{"line":218,"column":0},"end":{"line":218,"column":22}}},"23":{"name":"isBlockEndLine","line":236,"loc":{"start":{"line":236,"column":0},"end":{"line":236,"column":30}}},"24":{"name":"isBlockStartLine","line":245,"loc":{"start":{"line":245,"column":0},"end":{"line":245,"column":32}}},"25":{"name":"isHeaderLine","line":254,"loc":{"start":{"line":254,"column":0},"end":{"line":254,"column":28}}}},"statementMap":{"1":{"start":{"line":2,"column":0},"end":{"line":2,"column":62}},"2":{"start":{"line":3,"column":0},"end":{"line":3,"column":33}},"3":{"start":{"line":4,"column":0},"end":{"line":7,"column":1}},"4":{"start":{"line":5,"column":4},"end":{"line":5,"column":53}},"5":{"start":{"line":6,"column":4},"end":{"line":6,"column":38}},"6":{"start":{"line":8,"column":0},"end":{"line":8,"column":46}},"7":{"start":{"line":9,"column":0},"end":{"line":11,"column":1}},"8":{"start":{"line":10,"column":4},"end":{"line":10,"column":51}},"9":{"start":{"line":12,"column":0},"end":{"line":12,"column":58}},"10":{"start":{"line":13,"column":0},"end":{"line":15,"column":1}},"11":{"start":{"line":14,"column":4},"end":{"line":14,"column":41}},"12":{"start":{"line":16,"column":0},"end":{"line":16,"column":26}},"13":{"start":{"line":17,"column":0},"end":{"line":25,"column":1}},"14":{"start":{"line":18,"column":4},"end":{"line":18,"column":40}},"15":{"start":{"line":19,"column":4},"end":{"line":24,"column":5}},"16":{"start":{"line":20,"column":8},"end":{"line":20,"column":32}},"17":{"start":{"line":23,"column":8},"end":{"line":23,"column":18}},"18":{"start":{"line":26,"column":0},"end":{"line":26,"column":42}},"19":{"start":{"line":32,"column":0},"end":{"line":34,"column":1}},"20":{"start":{"line":33,"column":4},"end":{"line":33,"column":46}},"21":{"start":{"line":35,"column":0},"end":{"line":35,"column":40}},"22":{"start":{"line":36,"column":0},"end":{"line":44,"column":1}},"23":{"start":{"line":37,"column":4},"end":{"line":37,"column":50}},"24":{"start":{"line":38,"column":4},"end":{"line":43,"column":5}},"25":{"start":{"line":39,"column":8},"end":{"line":39,"column":32}},"26":{"start":{"line":42,"column":8},"end":{"line":42,"column":18}},"27":{"start":{"line":45,"column":0},"end":{"line":45,"column":30}},"28":{"start":{"line":46,"column":0},"end":{"line":56,"column":1}},"29":{"start":{"line":47,"column":4},"end":{"line":47,"column":65}},"30":{"start":{"line":48,"column":4},"end":{"line":48,"column":27}},"31":{"start":{"line":49,"column":4},"end":{"line":49,"column":27}},"32":{"start":{"line":50,"column":4},"end":{"line":54,"column":5}},"33":{"start":{"line":51,"column":8},"end":{"line":51,"column":18}},"34":{"start":{"line":52,"column":8},"end":{"line":52,"column":80}},"35":{"start":{"line":53,"column":8},"end":{"line":53,"column":56}},"36":{"start":{"line":55,"column":4},"end":{"line":55,"column":25}},"37":{"start":{"line":57,"column":0},"end":{"line":57,"column":44}},"38":{"start":{"line":58,"column":0},"end":{"line":65,"column":1}},"39":{"start":{"line":59,"column":4},"end":{"line":59,"column":77}},"40":{"start":{"line":60,"column":4},"end":{"line":60,"column":50}},"41":{"start":{"line":61,"column":4},"end":{"line":63,"column":5}},"42":{"start":{"line":62,"column":8},"end":{"line":62,"column":51}},"43":{"start":{"line":64,"column":4},"end":{"line":64,"column":30}},"44":{"start":{"line":66,"column":0},"end":{"line":66,"column":76}},"45":{"start":{"line":67,"column":0},"end":{"line":81,"column":1}},"46":{"start":{"line":68,"column":4},"end":{"line":68,"column":49}},"47":{"start":{"line":69,"column":4},"end":{"line":69,"column":27}},"48":{"start":{"line":70,"column":4},"end":{"line":70,"column":15}},"49":{"start":{"line":71,"column":4},"end":{"line":71,"column":22}},"50":{"start":{"line":72,"column":4},"end":{"line":76,"column":71}},"51":{"start":{"line":73,"column":8},"end":{"line":73,"column":18}},"52":{"start":{"line":74,"column":8},"end":{"line":74,"column":49}},"53":{"start":{"line":75,"column":8},"end":{"line":75,"column":61}},"54":{"start":{"line":77,"column":4},"end":{"line":79,"column":5}},"55":{"start":{"line":78,"column":8},"end":{"line":78,"column":57}},"56":{"start":{"line":80,"column":4},"end":{"line":80,"column":18}},"57":{"start":{"line":82,"column":0},"end":{"line":82,"column":56}},"58":{"start":{"line":83,"column":0},"end":{"line":98,"column":1}},"59":{"start":{"line":84,"column":4},"end":{"line":86,"column":5}},"60":{"start":{"line":85,"column":8},"end":{"line":85,"column":19}},"61":{"start":{"line":87,"column":4},"end":{"line":87,"column":49}},"62":{"start":{"line":88,"column":4},"end":{"line":88,"column":27}},"63":{"start":{"line":89,"column":4},"end":{"line":89,"column":15}},"64":{"start":{"line":90,"column":4},"end":{"line":90,"column":22}},"65":{"start":{"line":91,"column":4},"end":{"line":95,"column":92}},"66":{"start":{"line":92,"column":8},"end":{"line":92,"column":18}},"67":{"start":{"line":93,"column":8},"end":{"line":93,"column":49}},"68":{"start":{"line":94,"column":8},"end":{"line":94,"column":61}},"69":{"start":{"line":96,"column":4},"end":{"line":96,"column":121}},"70":{"start":{"line":97,"column":4},"end":{"line":97,"column":18}},"71":{"start":{"line":99,"column":0},"end":{"line":99,"column":44}},"72":{"start":{"line":101,"column":0},"end":{"line":125,"column":1}},"73":{"start":{"line":102,"column":4},"end":{"line":104,"column":5}},"74":{"start":{"line":103,"column":8},"end":{"line":103,"column":76}},"75":{"start":{"line":105,"column":4},"end":{"line":105,"column":49}},"76":{"start":{"line":106,"column":4},"end":{"line":109,"column":5}},"77":{"start":{"line":107,"column":8},"end":{"line":107,"column":56}},"78":{"start":{"line":108,"column":8},"end":{"line":108,"column":55}},"79":{"start":{"line":110,"column":4},"end":{"line":110,"column":27}},"80":{"start":{"line":111,"column":4},"end":{"line":111,"column":15}},"81":{"start":{"line":112,"column":4},"end":{"line":112,"column":22}},"82":{"start":{"line":113,"column":4},"end":{"line":117,"column":92}},"83":{"start":{"line":114,"column":8},"end":{"line":114,"column":18}},"84":{"start":{"line":115,"column":8},"end":{"line":115,"column":49}},"85":{"start":{"line":116,"column":8},"end":{"line":116,"column":61}},"86":{"start":{"line":118,"column":4},"end":{"line":123,"column":5}},"87":{"start":{"line":119,"column":8},"end":{"line":119,"column":125}},"88":{"start":{"line":122,"column":8},"end":{"line":122,"column":117}},"89":{"start":{"line":124,"column":4},"end":{"line":124,"column":18}},"90":{"start":{"line":126,"column":0},"end":{"line":126,"column":44}},"91":{"start":{"line":127,"column":0},"end":{"line":129,"column":1}},"92":{"start":{"line":128,"column":4},"end":{"line":128,"column":110}},"93":{"start":{"line":130,"column":0},"end":{"line":130,"column":36}},"94":{"start":{"line":132,"column":0},"end":{"line":148,"column":1}},"95":{"start":{"line":133,"column":4},"end":{"line":133,"column":21}},"96":{"start":{"line":134,"column":4},"end":{"line":146,"column":5}},"97":{"start":{"line":135,"column":8},"end":{"line":135,"column":23}},"98":{"start":{"line":137,"column":9},"end":{"line":146,"column":5}},"99":{"start":{"line":138,"column":8},"end":{"line":138,"column":21}},"100":{"start":{"line":140,"column":9},"end":{"line":146,"column":5}},"101":{"start":{"line":141,"column":8},"end":{"line":141,"column":24}},"102":{"start":{"line":143,"column":9},"end":{"line":146,"column":5}},"103":{"start":{"line":144,"column":8},"end":{"line":144,"column":50}},"104":{"start":{"line":145,"column":8},"end":{"line":145,"column":48}},"105":{"start":{"line":147,"column":4},"end":{"line":147,"column":17}},"106":{"start":{"line":149,"column":0},"end":{"line":149,"column":42}},"107":{"start":{"line":159,"column":0},"end":{"line":164,"column":1}},"108":{"start":{"line":160,"column":4},"end":{"line":160,"column":26}},"109":{"start":{"line":161,"column":4},"end":{"line":162,"column":9}},"110":{"start":{"line":163,"column":4},"end":{"line":163,"column":24}},"111":{"start":{"line":165,"column":0},"end":{"line":165,"column":48}},"112":{"start":{"line":166,"column":0},"end":{"line":175,"column":1}},"113":{"start":{"line":167,"column":4},"end":{"line":167,"column":63}},"114":{"start":{"line":168,"column":4},"end":{"line":174,"column":5}},"115":{"start":{"line":169,"column":8},"end":{"line":169,"column":53}},"116":{"start":{"line":172,"column":8},"end":{"line":172,"column":54}},"117":{"start":{"line":173,"column":8},"end":{"line":173,"column":52}},"118":{"start":{"line":176,"column":0},"end":{"line":176,"column":44}},"119":{"start":{"line":177,"column":0},"end":{"line":183,"column":1}},"120":{"start":{"line":178,"column":4},"end":{"line":178,"column":47}},"121":{"start":{"line":179,"column":4},"end":{"line":179,"column":42}},"122":{"start":{"line":180,"column":4},"end":{"line":180,"column":49}},"123":{"start":{"line":181,"column":4},"end":{"line":181,"column":61}},"124":{"start":{"line":182,"column":4},"end":{"line":182,"column":43}},"125":{"start":{"line":184,"column":0},"end":{"line":184,"column":46}},"126":{"start":{"line":186,"column":0},"end":{"line":191,"column":1}},"127":{"start":{"line":187,"column":4},"end":{"line":187,"column":50}},"128":{"start":{"line":188,"column":4},"end":{"line":188,"column":37}},"129":{"start":{"line":189,"column":4},"end":{"line":189,"column":66}},"130":{"start":{"line":190,"column":4},"end":{"line":190,"column":75}},"131":{"start":{"line":192,"column":0},"end":{"line":192,"column":42}},"132":{"start":{"line":193,"column":0},"end":{"line":198,"column":1}},"133":{"start":{"line":194,"column":4},"end":{"line":194,"column":62}},"134":{"start":{"line":195,"column":4},"end":{"line":195,"column":52}},"135":{"start":{"line":196,"column":4},"end":{"line":196,"column":26}},"136":{"start":{"line":197,"column":4},"end":{"line":197,"column":24}},"137":{"start":{"line":199,"column":0},"end":{"line":199,"column":34}},"138":{"start":{"line":200,"column":0},"end":{"line":204,"column":1}},"139":{"start":{"line":201,"column":4},"end":{"line":201,"column":62}},"140":{"start":{"line":202,"column":4},"end":{"line":202,"column":50}},"141":{"start":{"line":203,"column":4},"end":{"line":203,"column":23}},"142":{"start":{"line":205,"column":0},"end":{"line":205,"column":34}},"143":{"start":{"line":206,"column":0},"end":{"line":210,"column":1}},"144":{"start":{"line":207,"column":4},"end":{"line":207,"column":62}},"145":{"start":{"line":208,"column":4},"end":{"line":208,"column":66}},"146":{"start":{"line":209,"column":4},"end":{"line":209,"column":31}},"147":{"start":{"line":211,"column":0},"end":{"line":211,"column":56}},"148":{"start":{"line":212,"column":0},"end":{"line":216,"column":1}},"149":{"start":{"line":213,"column":4},"end":{"line":213,"column":62}},"150":{"start":{"line":214,"column":4},"end":{"line":214,"column":66}},"151":{"start":{"line":215,"column":4},"end":{"line":215,"column":31}},"152":{"start":{"line":217,"column":0},"end":{"line":217,"column":56}},"153":{"start":{"line":218,"column":0},"end":{"line":229,"column":1}},"154":{"start":{"line":220,"column":4},"end":{"line":220,"column":17}},"155":{"start":{"line":221,"column":4},"end":{"line":221,"column":18}},"156":{"start":{"line":222,"column":4},"end":{"line":227,"column":7}},"157":{"start":{"line":223,"column":8},"end":{"line":225,"column":9}},"158":{"start":{"line":224,"column":12},"end":{"line":224,"column":26}},"159":{"start":{"line":226,"column":8},"end":{"line":226,"column":23}},"160":{"start":{"line":228,"column":4},"end":{"line":228,"column":16}},"161":{"start":{"line":230,"column":0},"end":{"line":230,"column":26}},"162":{"start":{"line":236,"column":0},"end":{"line":238,"column":1}},"163":{"start":{"line":237,"column":4},"end":{"line":237,"column":41}},"164":{"start":{"line":239,"column":0},"end":{"line":239,"column":40}},"165":{"start":{"line":245,"column":0},"end":{"line":247,"column":1}},"166":{"start":{"line":246,"column":4},"end":{"line":246,"column":43}},"167":{"start":{"line":248,"column":0},"end":{"line":248,"column":44}},"168":{"start":{"line":254,"column":0},"end":{"line":256,"column":1}},"169":{"start":{"line":255,"column":4},"end":{"line":255,"column":30}},"170":{"start":{"line":257,"column":0},"end":{"line":257,"column":36}}},"branchMap":{"1":{"line":19,"type":"if","locations":[{"start":{"line":19,"column":4},"end":{"line":19,"column":4}},{"start":{"line":19,"column":4},"end":{"line":19,"column":4}}]},"2":{"line":38,"type":"if","locations":[{"start":{"line":38,"column":4},"end":{"line":38,"column":4}},{"start":{"line":38,"column":4},"end":{"line":38,"column":4}}]},"3":{"line":50,"type":"binary-expr","locations":[{"start":{"line":50,"column":11},"end":{"line":50,"column":22}},{"start":{"line":50,"column":26},"end":{"line":50,"column":58}}]},"4":{"line":61,"type":"if","locations":[{"start":{"line":61,"column":4},"end":{"line":61,"column":4}},{"start":{"line":61,"column":4},"end":{"line":61,"column":4}}]},"5":{"line":61,"type":"binary-expr","locations":[{"start":{"line":61,"column":8},"end":{"line":61,"column":24}},{"start":{"line":61,"column":28},"end":{"line":61,"column":77}}]},"6":{"line":76,"type":"binary-expr","locations":[{"start":{"line":76,"column":13},"end":{"line":76,"column":24}},{"start":{"line":76,"column":28},"end":{"line":76,"column":69}}]},"7":{"line":77,"type":"if","locations":[{"start":{"line":77,"column":4},"end":{"line":77,"column":4}},{"start":{"line":77,"column":4},"end":{"line":77,"column":4}}]},"8":{"line":84,"type":"if","locations":[{"start":{"line":84,"column":4},"end":{"line":84,"column":4}},{"start":{"line":84,"column":4},"end":{"line":84,"column":4}}]},"9":{"line":95,"type":"binary-expr","locations":[{"start":{"line":95,"column":13},"end":{"line":95,"column":45}},{"start":{"line":95,"column":49},"end":{"line":95,"column":90}}]},"10":{"line":102,"type":"if","locations":[{"start":{"line":102,"column":4},"end":{"line":102,"column":4}},{"start":{"line":102,"column":4},"end":{"line":102,"column":4}}]},"11":{"line":106,"type":"if","locations":[{"start":{"line":106,"column":4},"end":{"line":106,"column":4}},{"start":{"line":106,"column":4},"end":{"line":106,"column":4}}]},"12":{"line":117,"type":"binary-expr","locations":[{"start":{"line":117,"column":13},"end":{"line":117,"column":45}},{"start":{"line":117,"column":49},"end":{"line":117,"column":90}}]},"13":{"line":118,"type":"if","locations":[{"start":{"line":118,"column":4},"end":{"line":118,"column":4}},{"start":{"line":118,"column":4},"end":{"line":118,"column":4}}]},"14":{"line":128,"type":"binary-expr","locations":[{"start":{"line":128,"column":12},"end":{"line":128,"column":42}},{"start":{"line":128,"column":47},"end":{"line":128,"column":65}},{"start":{"line":128,"column":69},"end":{"line":128,"column":80}},{"start":{"line":128,"column":84},"end":{"line":128,"column":109}}]},"15":{"line":134,"type":"if","locations":[{"start":{"line":134,"column":4},"end":{"line":134,"column":4}},{"start":{"line":134,"column":4},"end":{"line":134,"column":4}}]},"16":{"line":137,"type":"if","locations":[{"start":{"line":137,"column":9},"end":{"line":137,"column":9}},{"start":{"line":137,"column":9},"end":{"line":137,"column":9}}]},"17":{"line":140,"type":"if","locations":[{"start":{"line":140,"column":9},"end":{"line":140,"column":9}},{"start":{"line":140,"column":9},"end":{"line":140,"column":9}}]},"18":{"line":143,"type":"if","locations":[{"start":{"line":143,"column":9},"end":{"line":143,"column":9}},{"start":{"line":143,"column":9},"end":{"line":143,"column":9}}]},"19":{"line":168,"type":"if","locations":[{"start":{"line":168,"column":4},"end":{"line":168,"column":4}},{"start":{"line":168,"column":4},"end":{"line":168,"column":4}}]},"20":{"line":223,"type":"if","locations":[{"start":{"line":223,"column":8},"end":{"line":223,"column":8}},{"start":{"line":223,"column":8},"end":{"line":223,"column":8}}]}}}}